  drawSolarSystem.cpp
..\..\..\drawSolarSystem.cpp(137): warning C4018: '<': signed/unsigned mismatch
..\..\..\drawSolarSystem.cpp(147): warning C4018: '<': signed/unsigned mismatch
..\..\..\drawSolarSystem.cpp(157): warning C4018: '<': signed/unsigned mismatch
..\..\..\drawSolarSystem.cpp(186): warning C4018: '<': signed/unsigned mismatch
..\..\..\drawSolarSystem.cpp(209): warning C4018: '<': signed/unsigned mismatch
..\..\..\drawSolarSystem.cpp(446): warning C4018: '<': signed/unsigned mismatch
..\..\..\drawSolarSystem.cpp(466): warning C4018: '<': signed/unsigned mismatch
..\..\..\drawSolarSystem.cpp(487): warning C4018: '<': signed/unsigned mismatch
..\..\..\drawSolarSystem.cpp(510): warning C4018: '<': signed/unsigned mismatch
..\..\..\drawSolarSystem.cpp(535): warning C4018: '<': signed/unsigned mismatch
..\..\..\drawSolarSystem.cpp(558): warning C4018: '<': signed/unsigned mismatch
..\..\..\drawSolarSystem.cpp(579): warning C4018: '<': signed/unsigned mismatch
..\..\..\drawSolarSystem.cpp(602): warning C4018: '<': signed/unsigned mismatch
..\..\..\drawSolarSystem.cpp(625): warning C4018: '<': signed/unsigned mismatch
..\..\..\drawSolarSystem.cpp(719): warning C4018: '<': signed/unsigned mismatch
..\..\..\drawSolarSystem.cpp(723): warning C4018: '<': signed/unsigned mismatch
..\..\..\drawSolarSystem.cpp(730): warning C4018: '<': signed/unsigned mismatch
..\..\..\drawSolarSystem.cpp(734): warning C4018: '<': signed/unsigned mismatch
..\..\..\drawSolarSystem.cpp(738): warning C4018: '<': signed/unsigned mismatch
..\..\..\drawSolarSystem.cpp(742): warning C4018: '<': signed/unsigned mismatch
..\..\..\drawSolarSystem.cpp(746): warning C4018: '<': signed/unsigned mismatch
..\..\..\drawSolarSystem.cpp(750): warning C4018: '<': signed/unsigned mismatch
..\..\..\drawSolarSystem.cpp(754): warning C4018: '<': signed/unsigned mismatch
..\..\..\drawSolarSystem.cpp(761): warning C4018: '<': signed/unsigned mismatch
..\..\..\drawSolarSystem.cpp(771): warning C4018: '<': signed/unsigned mismatch
..\..\..\drawSolarSystem.cpp(775): warning C4018: '<': signed/unsigned mismatch
  Generating code
  767 of 922 functions (83.2%) were compiled, the rest were copied from previous compilation.
    464 functions were new in current compilation
    16 functions had inline decision re-evaluated but remain unchanged
  Finished generating code
  Fase 2.vcxproj -> C:\Users\Tiago\Desktop\Fase 2\Fase 2\Release\Fase 2.exe
