  drawSolarSystem.cpp
..\..\drawSolarSystem.cpp(194): warning C4018: '<': signed/unsigned mismatch
..\..\drawSolarSystem.cpp(213): warning C4018: '<': signed/unsigned mismatch
..\..\drawSolarSystem.cpp(240): warning C4018: '<': signed/unsigned mismatch
..\..\drawSolarSystem.cpp(261): warning C4018: '<': signed/unsigned mismatch
..\..\drawSolarSystem.cpp(272): warning C4018: '<': signed/unsigned mismatch
..\..\drawSolarSystem.cpp(585): warning C4018: '<': signed/unsigned mismatch
..\..\drawSolarSystem.cpp(587): warning C4018: '<': signed/unsigned mismatch
..\..\drawSolarSystem.cpp(592): warning C4018: '<': signed/unsigned mismatch
..\..\drawSolarSystem.cpp(594): warning C4018: '<': signed/unsigned mismatch
..\..\drawSolarSystem.cpp(596): warning C4018: '<': signed/unsigned mismatch
..\..\drawSolarSystem.cpp(598): warning C4018: '<': signed/unsigned mismatch
..\..\drawSolarSystem.cpp(600): warning C4018: '<': signed/unsigned mismatch
..\..\drawSolarSystem.cpp(602): warning C4018: '<': signed/unsigned mismatch
..\..\drawSolarSystem.cpp(604): warning C4018: '<': signed/unsigned mismatch
..\..\drawSolarSystem.cpp(609): warning C4018: '<': signed/unsigned mismatch
..\..\drawSolarSystem.cpp(640): warning C4018: '<': signed/unsigned mismatch
..\..\drawSolarSystem.cpp(669): warning C4018: '<': signed/unsigned mismatch
..\..\drawSolarSystem.cpp(671): warning C4018: '<': signed/unsigned mismatch
..\..\drawSolarSystem.cpp(673): warning C4018: '<': signed/unsigned mismatch
..\..\drawSolarSystem.cpp(675): warning C4018: '<': signed/unsigned mismatch
..\..\drawSolarSystem.cpp(701): warning C4018: '<': signed/unsigned mismatch
..\..\drawSolarSystem.cpp(707): warning C4018: '<': signed/unsigned mismatch
..\..\drawSolarSystem.cpp(711): warning C4018: '<': signed/unsigned mismatch
..\..\drawSolarSystem.cpp(717): warning C4018: '<': signed/unsigned mismatch
..\..\drawSolarSystem.cpp(721): warning C4018: '<': signed/unsigned mismatch
  Generating code
  1 of 939 functions ( 0.1%) were compiled, the rest were copied from previous compilation.
    0 functions were new in current compilation
    6 functions had inline decision re-evaluated but remain unchanged
  Finished generating code
  Fase 2.vcxproj -> C:\Users\Tiago\Desktop\VS\Fase 2\Release\Fase 2.exe
